android_backup/app/build/outputs/mapping/release/seeds.txt
org.apache.cordova.AllowList: java.util.ArrayList allowList
org.apache.cordova.CordovaPreferences: java.util.HashMap prefs
org.apache.cordova.CordovaDialogsHelper: android.app.AlertDialog lastHandledDialog
org.apache.cordova.CordovaWebViewImpl$3: java.lang.Runnable val$timeoutCheck
org.apache.cordova.NativeToJsMessageQueue$OnlineEventsBridgeMode$2: org.apache.cordova.NativeToJsMessageQueue val$queue
com.getcapacitor.Plugin: com.getcapacitor.Bridge bridge
com.getcapacitor.plugin.util.HttpRequestHandler$ResponseType: java.lang.String name
org.apache.cordova.ResumeCallback: java.lang.String TAG
androidx.fragment.app.FragmentState: android.os.Parcelable$Creator CREATOR
org.apache.cordova.CordovaResourceApi: java.lang.String[] LOCAL_FILE_PROJECTION
org.apache.cordova.CordovaResourceApi$OpenForReadResult: java.lang.String mimeType
com.getcapacitor.plugin.CapacitorCookieManager: java.lang.String localUrl
androidx.activity.ComponentActivity: java.lang.String ACTIVITY_RESULT_TAG
com.getcapacitor.CapConfig: boolean zoomableWebView
com.capacitorjs.plugins.app.AppPlugin: java.lang.String EVENT_RESTORED_RESULT
org.apache.cordova.engine.SystemWebViewClient: java.util.Hashtable authenticationTokens
com.getcapacitor.plugin.util.HttpRequestHandler$HttpURLConnectionBuilder: com.getcapacitor.plugin.util.CapacitorHttpUrlConnection connection
org.apache.cordova.CordovaResourceApi: java.lang.String LOG_TAG
com.getcapacitor.plugin.util.MimeType: com.getcapacitor.plugin.util.MimeType TEXT_HTML
com.getcapacitor.PluginCall: com.getcapacitor.JSObject data
com.getcapacitor.PluginCall: java.lang.String methodName
org.apache.cordova.LOG: int ERROR
com.getcapacitor.PermissionState: com.getcapacitor.PermissionState[] $VALUES
org.apache.cordova.PluginResult$Status: org.apache.cordova.PluginResult$Status JSON_EXCEPTION
com.capacitorjs.plugins.app.AppPlugin: java.lang.String EVENT_PAUSE
com.getcapacitor.WebViewLocalServer$PathHandler: int statusCode
com.getcapacitor.plugin.SystemBars: java.lang.String STYLE_DARK
org.apache.cordova.CordovaWebViewImpl: boolean hasPausedEver
org.apache.cordova.engine.SystemWebView: org.apache.cordova.engine.SystemWebViewClient viewClient
com.getcapacitor.plugin.CapacitorHttp: java.util.concurrent.ExecutorService executor
org.apache.cordova.PluginResult$Status: org.apache.cordova.PluginResult$Status CLASS_NOT_FOUND_EXCEPTION
org.apache.cordova.engine.SystemWebChromeClient$2: org.apache.cordova.engine.SystemWebChromeClient this$0
com.getcapacitor.WebViewLocalServer: com.getcapacitor.JSInjector jsInjector
androidx.concurrent.futures.AbstractResolvableFuture$Waiter: androidx.concurrent.futures.AbstractResolvableFuture$Waiter next
com.getcapacitor.plugin.util.HttpRequestHandler$ResponseType: com.getcapacitor.plugin.util.HttpRequestHandler$ResponseType[] $VALUES
com.getcapacitor.FileUtils$Type: com.getcapacitor.FileUtils$Type[] $VALUES
org.apache.cordova.CordovaDialogsHelper$5: org.apache.cordova.CordovaDialogsHelper$Result val$result
com.getcapacitor.WebViewLocalServer$LollipopLazyInputStream: android.webkit.WebResourceRequest request
com.getcapacitor.App: com.getcapacitor.App$AppRestoredListener appRestoredListener
com.getcapacitor.PermissionState: com.getcapacitor.PermissionState DENIED
org.apache.cordova.CordovaActivity: org.apache.cordova.CordovaPreferences preferences
org.apache.cordova.CordovaPluginPathHandler: androidx.webkit.WebViewAssetLoader$PathHandler handler
com.getcapacitor.plugin.util.HttpRequestHandler$HttpURLConnectionBuilder: com.getcapacitor.JSObject headers
org.apache.cordova.SplashScreenPlugin: int delayTime
org.apache.cordova.CoreAndroid$1: org.apache.cordova.CoreAndroid this$0
com.getcapacitor.plugin.WebView: java.lang.String CAP_SERVER_PATH
com.getcapacitor.Bridge$Builder: com.getcapacitor.CapConfig config
com.getcapacitor.CapConfig$Builder: boolean useLegacyBridge
org.apache.cordova.PluginResult: int MESSAGE_TYPE_NUMBER